openCVLibrary320/build/outputs/logs/manifest-merger-debug-report.txt
-- Merging decision tree log ---
manifest
ADDED from src\main\AndroidManifest.xml:2:1-6:12
INJECTED from src\main\AndroidManifest.xml:2:1-6:12
INJECTED from src\main\AndroidManifest.xml:2:1-6:12
INJECTED from src\main\AndroidManifest.xml:2:1-6:12
INJECTED from src\main\AndroidManifest.xml:2:1-6:12
INJECTED from src\main\AndroidManifest.xml:2:1-6:12
INJECTED from src\main\AndroidManifest.xml:2:1-6:12
	package
		ADDED from src\main\AndroidManifest.xml:3:7-27
		INJECTED from src\main\AndroidManifest.xml
		INJECTED from src\main\AndroidManifest.xml
	android:versionName
		INJECTED from src\main\AndroidManifest.xml
		ADDED from src\main\AndroidManifest.xml:2:1-6:12
		INJECTED from src\main\AndroidManifest.xml
	android:versionCode
		INJECTED from src\main\AndroidManifest.xml
		ADDED from src\main\AndroidManifest.xml:2:1-6:12
		INJECTED from src\main\AndroidManifest.xml
	xmlns:android
		ADDED from src\main\AndroidManifest.xml:2:11-69
uses-sdk
ADDED from src\main\AndroidManifest.xml:5:5-73
INJECTED from src\main\AndroidManifest.xml:5:5-73
INJECTED from src\main\AndroidManifest.xml:5:5-73
INJECTED from src\main\AndroidManifest.xml:5:5-73
INJECTED from src\main\AndroidManifest.xml:5:5-73
	android:targetSdkVersion
		ADDED from src\main\AndroidManifest.xml:5:41-70
		INJECTED from src\main\AndroidManifest.xml
		INJECTED from src\main\AndroidManifest.xml
	android:minSdkVersion
		ADDED from src\main\AndroidManifest.xml:5:15-40
		INJECTED from src\main\AndroidManifest.xml
		INJECTED from src\main\AndroidManifest.xml